<?xml version="1.0" encoding="UTF-8"?>
<coverage generated="1625426633166" clover="3.2.0">
  <project timestamp="1625426633166" name="All files">
    <metrics statements="90" coveredstatements="70" conditionals="12" coveredconditionals="12" methods="22" coveredmethods="19" elements="124" coveredelements="101" complexity="0" loc="90" ncloc="90" packages="10" files="18" classes="18"/>
    <package name="data.usecases.add-account">
      <metrics statements="10" coveredstatements="6" conditionals="0" coveredconditionals="0" methods="2" coveredmethods="2"/>
      <file name="db-add-account-protocols.ts" path="D:\Projetos\clean-node-api\src\data\usecases\add-account\db-add-account-protocols.ts">
        <metrics statements="4" coveredstatements="0" conditionals="0" coveredconditionals="0" methods="0" coveredmethods="0"/>
        <line num="1" count="0" type="stmt"/>
        <line num="2" count="0" type="stmt"/>
        <line num="3" count="0" type="stmt"/>
        <line num="4" count="0" type="stmt"/>
      </file>
      <file name="db-add-account.ts" path="D:\Projetos\clean-node-api\src\data\usecases\add-account\db-add-account.ts">
        <metrics statements="6" coveredstatements="6" conditionals="0" coveredconditionals="0" methods="2" coveredmethods="2"/>
        <line num="3" count="6" type="stmt"/>
        <line num="8" count="15" type="stmt"/>
        <line num="9" count="15" type="stmt"/>
        <line num="13" count="7" type="stmt"/>
        <line num="14" count="6" type="stmt"/>
        <line num="15" count="5" type="stmt"/>
      </file>
    </package>
    <package name="infra.criptography">
      <metrics statements="5" coveredstatements="5" conditionals="0" coveredconditionals="0" methods="2" coveredmethods="2"/>
      <file name="bcrypt-adapter.ts" path="D:\Projetos\clean-node-api\src\infra\criptography\bcrypt-adapter.ts">
        <metrics statements="5" coveredstatements="5" conditionals="0" coveredconditionals="0" methods="2" coveredmethods="2"/>
        <line num="1" count="6" type="stmt"/>
        <line num="4" count="6" type="stmt"/>
        <line num="8" count="13" type="stmt"/>
        <line num="12" count="5" type="stmt"/>
        <line num="13" count="4" type="stmt"/>
      </file>
    </package>
    <package name="infra.db.mongodb.account-repository">
      <metrics statements="5" coveredstatements="5" conditionals="0" coveredconditionals="0" methods="1" coveredmethods="1"/>
      <file name="account.ts" path="D:\Projetos\clean-node-api\src\infra\db\mongodb\account-repository\account.ts">
        <metrics statements="5" coveredstatements="5" conditionals="0" coveredconditionals="0" methods="1" coveredmethods="1"/>
        <line num="4" count="6" type="stmt"/>
        <line num="6" count="6" type="stmt"/>
        <line num="8" count="3" type="stmt"/>
        <line num="9" count="3" type="stmt"/>
        <line num="10" count="3" type="stmt"/>
      </file>
    </package>
    <package name="infra.db.mongodb.helpers">
      <metrics statements="11" coveredstatements="11" conditionals="6" coveredconditionals="6" methods="4" coveredmethods="4"/>
      <file name="mongo-helper.ts" path="D:\Projetos\clean-node-api\src\infra\db\mongodb\helpers\mongo-helper.ts">
        <metrics statements="11" coveredstatements="11" conditionals="6" coveredconditionals="6" methods="4" coveredmethods="4"/>
        <line num="1" count="9" type="stmt"/>
        <line num="3" count="9" type="stmt"/>
        <line num="8" count="8" type="stmt"/>
        <line num="9" count="8" type="stmt"/>
        <line num="16" count="8" type="stmt"/>
        <line num="17" count="8" type="stmt"/>
        <line num="21" count="12" type="cond" truecount="6" falsecount="0"/>
        <line num="22" count="2" type="stmt"/>
        <line num="24" count="12" type="stmt"/>
        <line num="28" count="3" type="stmt"/>
        <line num="29" count="3" type="stmt"/>
      </file>
    </package>
    <package name="infra.db.mongodb.log-repository">
      <metrics statements="4" coveredstatements="4" conditionals="0" coveredconditionals="0" methods="1" coveredmethods="1"/>
      <file name="log.ts" path="D:\Projetos\clean-node-api\src\infra\db\mongodb\log-repository\log.ts">
        <metrics statements="4" coveredstatements="4" conditionals="0" coveredconditionals="0" methods="1" coveredmethods="1"/>
        <line num="2" count="6" type="stmt"/>
        <line num="4" count="6" type="stmt"/>
        <line num="6" count="1" type="stmt"/>
        <line num="7" count="1" type="stmt"/>
      </file>
    </package>
    <package name="presentation.controllers.signup">
      <metrics statements="23" coveredstatements="19" conditionals="6" coveredconditionals="6" methods="2" coveredmethods="2"/>
      <file name="signup-protocols.ts" path="D:\Projetos\clean-node-api\src\presentation\controllers\signup\signup-protocols.ts">
        <metrics statements="4" coveredstatements="0" conditionals="0" coveredconditionals="0" methods="0" coveredmethods="0"/>
        <line num="1" count="0" type="stmt"/>
        <line num="2" count="0" type="stmt"/>
        <line num="3" count="0" type="stmt"/>
        <line num="4" count="0" type="stmt"/>
      </file>
      <file name="signup.ts" path="D:\Projetos\clean-node-api\src\presentation\controllers\signup\signup.ts">
        <metrics statements="19" coveredstatements="19" conditionals="6" coveredconditionals="6" methods="2" coveredmethods="2"/>
        <line num="2" count="6" type="stmt"/>
        <line num="3" count="6" type="stmt"/>
        <line num="5" count="6" type="stmt"/>
        <line num="10" count="21" type="stmt"/>
        <line num="11" count="21" type="stmt"/>
        <line num="15" count="13" type="stmt"/>
        <line num="16" count="13" type="stmt"/>
        <line num="17" count="13" type="stmt"/>
        <line num="18" count="46" type="cond" truecount="2" falsecount="0"/>
        <line num="19" count="4" type="stmt"/>
        <line num="22" count="9" type="stmt"/>
        <line num="23" count="9" type="cond" truecount="2" falsecount="0"/>
        <line num="24" count="1" type="stmt"/>
        <line num="26" count="8" type="stmt"/>
        <line num="27" count="7" type="cond" truecount="2" falsecount="0"/>
        <line num="28" count="1" type="stmt"/>
        <line num="30" count="6" type="stmt"/>
        <line num="35" count="5" type="stmt"/>
        <line num="37" count="2" type="stmt"/>
      </file>
    </package>
    <package name="presentation.errors">
      <metrics statements="23" coveredstatements="13" conditionals="0" coveredconditionals="0" methods="6" coveredmethods="3"/>
      <file name="index.ts" path="D:\Projetos\clean-node-api\src\presentation\errors\index.ts">
        <metrics statements="3" coveredstatements="3" conditionals="0" coveredconditionals="0" methods="0" coveredmethods="0"/>
        <line num="1" count="7" type="stmt"/>
        <line num="2" count="7" type="stmt"/>
        <line num="3" count="7" type="stmt"/>
      </file>
      <file name="invalid-param-error.ts" path="D:\Projetos\clean-node-api\src\presentation\errors\invalid-param-error.ts">
        <metrics statements="3" coveredstatements="3" conditionals="0" coveredconditionals="0" methods="1" coveredmethods="1"/>
        <line num="1" count="7" type="stmt"/>
        <line num="3" count="4" type="stmt"/>
        <line num="4" count="4" type="stmt"/>
      </file>
      <file name="invalid-params-errors.ts" path="D:\Projetos\clean-node-api\src\presentation\errors\invalid-params-errors.ts">
        <metrics statements="3" coveredstatements="0" conditionals="0" coveredconditionals="0" methods="1" coveredmethods="0"/>
        <line num="1" count="0" type="stmt"/>
        <line num="3" count="0" type="stmt"/>
        <line num="4" count="0" type="stmt"/>
      </file>
      <file name="missing-param-error.ts" path="D:\Projetos\clean-node-api\src\presentation\errors\missing-param-error.ts">
        <metrics statements="3" coveredstatements="3" conditionals="0" coveredconditionals="0" methods="1" coveredmethods="1"/>
        <line num="1" count="7" type="stmt"/>
        <line num="3" count="8" type="stmt"/>
        <line num="4" count="8" type="stmt"/>
      </file>
      <file name="missing-params-errors.ts" path="D:\Projetos\clean-node-api\src\presentation\errors\missing-params-errors.ts">
        <metrics statements="3" coveredstatements="0" conditionals="0" coveredconditionals="0" methods="1" coveredmethods="0"/>
        <line num="1" count="0" type="stmt"/>
        <line num="3" count="0" type="stmt"/>
        <line num="4" count="0" type="stmt"/>
      </file>
      <file name="server-error.ts" path="D:\Projetos\clean-node-api\src\presentation\errors\server-error.ts">
        <metrics statements="4" coveredstatements="4" conditionals="0" coveredconditionals="0" methods="1" coveredmethods="1"/>
        <line num="1" count="7" type="stmt"/>
        <line num="3" count="7" type="stmt"/>
        <line num="4" count="7" type="stmt"/>
        <line num="5" count="7" type="stmt"/>
      </file>
      <file name="server-errors.ts" path="D:\Projetos\clean-node-api\src\presentation\errors\server-errors.ts">
        <metrics statements="4" coveredstatements="0" conditionals="0" coveredconditionals="0" methods="1" coveredmethods="0"/>
        <line num="1" count="0" type="stmt"/>
        <line num="3" count="0" type="stmt"/>
        <line num="4" count="0" type="stmt"/>
        <line num="5" count="0" type="stmt"/>
      </file>
    </package>
    <package name="presentation.helpers">
      <metrics statements="4" coveredstatements="4" conditionals="0" coveredconditionals="0" methods="3" coveredmethods="3"/>
      <file name="http-helper.ts" path="D:\Projetos\clean-node-api\src\presentation\helpers\http-helper.ts">
        <metrics statements="4" coveredstatements="4" conditionals="0" coveredconditionals="0" methods="3" coveredmethods="3"/>
        <line num="2" count="7" type="stmt"/>
        <line num="4" count="12" type="stmt"/>
        <line num="9" count="7" type="stmt"/>
        <line num="14" count="9" type="stmt"/>
      </file>
    </package>
    <package name="presentation.protocols">
      <metrics statements="2" coveredstatements="0" conditionals="0" coveredconditionals="0" methods="0" coveredmethods="0"/>
      <file name="index.ts" path="D:\Projetos\clean-node-api\src\presentation\protocols\index.ts">
        <metrics statements="2" coveredstatements="0" conditionals="0" coveredconditionals="0" methods="0" coveredmethods="0"/>
        <line num="1" count="0" type="stmt"/>
        <line num="2" count="0" type="stmt"/>
      </file>
    </package>
    <package name="utils">
      <metrics statements="3" coveredstatements="3" conditionals="0" coveredconditionals="0" methods="1" coveredmethods="1"/>
      <file name="email-validator-adapter.ts" path="D:\Projetos\clean-node-api\src\utils\email-validator-adapter.ts">
        <metrics statements="3" coveredstatements="3" conditionals="0" coveredconditionals="0" methods="1" coveredmethods="1"/>
        <line num="2" count="6" type="stmt"/>
        <line num="4" count="6" type="stmt"/>
        <line num="6" count="5" type="stmt"/>
      </file>
    </package>
  </project>
</coverage>
