TN:
SF:src\data\usecases\add-account\db-add-account-protocols.ts
FNF:0
FNH:0
DA:1,0
DA:2,0
DA:3,0
DA:4,0
LF:4
LH:0
BRF:0
BRH:0
end_of_record
TN:
SF:src\data\usecases\add-account\db-add-account.ts
FN:7,(anonymous_0)
FN:12,(anonymous_1)
FNF:2
FNH:2
FNDA:15,(anonymous_0)
FNDA:7,(anonymous_1)
DA:3,6
DA:8,15
DA:9,15
DA:13,7
DA:14,6
DA:15,5
LF:6
LH:6
BRF:0
BRH:0
end_of_record
TN:
SF:src\infra\criptography\bcrypt-adapter.ts
FN:7,(anonymous_1)
FN:11,(anonymous_2)
FNF:2
FNH:2
FNDA:13,(anonymous_1)
FNDA:5,(anonymous_2)
DA:1,6
DA:4,6
DA:8,13
DA:12,5
DA:13,4
LF:5
LH:5
BRF:0
BRH:0
end_of_record
TN:
SF:src\infra\db\mongodb\account-repository\account.ts
FN:7,(anonymous_0)
FNF:1
FNH:1
FNDA:3,(anonymous_0)
DA:4,6
DA:6,6
DA:8,3
DA:9,3
DA:10,3
LF:5
LH:5
BRF:0
BRH:0
end_of_record
TN:
SF:src\infra\db\mongodb\helpers\mongo-helper.ts
FN:7,(anonymous_0)
FN:15,(anonymous_1)
FN:20,(anonymous_2)
FN:27,(anonymous_3)
FNF:4
FNH:4
FNDA:8,(anonymous_0)
FNDA:8,(anonymous_1)
FNDA:12,(anonymous_2)
FNDA:3,(anonymous_3)
DA:1,9
DA:3,9
DA:8,8
DA:9,8
DA:16,8
DA:17,8
DA:21,12
DA:22,2
DA:24,12
DA:28,3
DA:29,3
LF:11
LH:11
BRDA:21,0,0,2
BRDA:21,0,1,10
BRDA:21,1,0,2
BRDA:21,1,1,10
BRDA:21,2,0,12
BRDA:21,2,1,10
BRF:6
BRH:6
end_of_record
TN:
SF:src\infra\db\mongodb\log-repository\log.ts
FN:5,(anonymous_0)
FNF:1
FNH:1
FNDA:1,(anonymous_0)
DA:2,6
DA:4,6
DA:6,1
DA:7,1
LF:4
LH:4
BRF:0
BRH:0
end_of_record
TN:
SF:src\presentation\controllers\signup\signup-protocols.ts
FNF:0
FNH:0
DA:1,0
DA:2,0
DA:3,0
DA:4,0
LF:4
LH:0
BRF:0
BRH:0
end_of_record
TN:
SF:src\presentation\controllers\signup\signup.ts
FN:9,(anonymous_0)
FN:14,(anonymous_1)
FNF:2
FNH:2
FNDA:21,(anonymous_0)
FNDA:13,(anonymous_1)
DA:2,6
DA:3,6
DA:5,6
DA:10,21
DA:11,21
DA:15,13
DA:16,13
DA:17,13
DA:18,46
DA:19,4
DA:22,9
DA:23,9
DA:24,1
DA:26,8
DA:27,7
DA:28,1
DA:30,6
DA:35,5
DA:37,2
LF:19
LH:19
BRDA:18,0,0,4
BRDA:18,0,1,42
BRDA:23,1,0,1
BRDA:23,1,1,8
BRDA:27,2,0,1
BRDA:27,2,1,6
BRF:6
BRH:6
end_of_record
TN:
SF:src\presentation\errors\index.ts
FNF:0
FNH:0
DA:1,7
DA:2,7
DA:3,7
LF:3
LH:3
BRF:0
BRH:0
end_of_record
TN:
SF:src\presentation\errors\invalid-param-error.ts
FN:2,(anonymous_0)
FNF:1
FNH:1
FNDA:4,(anonymous_0)
DA:1,7
DA:3,4
DA:4,4
LF:3
LH:3
BRF:0
BRH:0
end_of_record
TN:
SF:src\presentation\errors\invalid-params-errors.ts
FN:2,(anonymous_0)
FNF:1
FNH:0
FNDA:0,(anonymous_0)
DA:1,0
DA:3,0
DA:4,0
LF:3
LH:0
BRF:0
BRH:0
end_of_record
TN:
SF:src\presentation\errors\missing-param-error.ts
FN:2,(anonymous_0)
FNF:1
FNH:1
FNDA:8,(anonymous_0)
DA:1,7
DA:3,8
DA:4,8
LF:3
LH:3
BRF:0
BRH:0
end_of_record
TN:
SF:src\presentation\errors\missing-params-errors.ts
FN:2,(anonymous_0)
FNF:1
FNH:0
FNDA:0,(anonymous_0)
DA:1,0
DA:3,0
DA:4,0
LF:3
LH:0
BRF:0
BRH:0
end_of_record
TN:
SF:src\presentation\errors\server-error.ts
FN:2,(anonymous_0)
FNF:1
FNH:1
FNDA:7,(anonymous_0)
DA:1,7
DA:3,7
DA:4,7
DA:5,7
LF:4
LH:4
BRF:0
BRH:0
end_of_record
TN:
SF:src\presentation\errors\server-errors.ts
FN:2,(anonymous_0)
FNF:1
FNH:0
FNDA:0,(anonymous_0)
DA:1,0
DA:3,0
DA:4,0
DA:5,0
LF:4
LH:0
BRF:0
BRH:0
end_of_record
TN:
SF:src\presentation\helpers\http-helper.ts
FN:4,(anonymous_0)
FN:9,(anonymous_1)
FN:14,(anonymous_2)
FNF:3
FNH:3
FNDA:12,(anonymous_0)
FNDA:5,(anonymous_1)
FNDA:9,(anonymous_2)
DA:2,7
DA:4,12
DA:9,7
DA:14,9
LF:4
LH:4
BRF:0
BRH:0
end_of_record
TN:
SF:src\presentation\protocols\index.ts
FNF:0
FNH:0
DA:1,0
DA:2,0
LF:2
LH:0
BRF:0
BRH:0
end_of_record
TN:
SF:src\utils\email-validator-adapter.ts
FN:5,(anonymous_1)
FNF:1
FNH:1
FNDA:5,(anonymous_1)
DA:2,6
DA:4,6
DA:6,5
LF:3
LH:3
BRF:0
BRH:0
end_of_record
