TN:
SF:src\data\usecases\add-account\db-add-account-protocols.ts
FNF:0
FNH:0
DA:1,0
DA:2,0
DA:3,0
DA:4,0
LF:4
LH:0
BRF:0
BRH:0
end_of_record
TN:
SF:src\data\usecases\add-account\db-add-account.ts
FN:7,(anonymous_0)
FN:11,(anonymous_1)
FNF:2
FNH:2
FNDA:9,(anonymous_0)
FNDA:6,(anonymous_1)
DA:3,5
DA:8,9
DA:9,9
DA:12,6
DA:13,5
DA:14,5
LF:6
LH:6
BRF:0
BRH:0
end_of_record
TN:
SF:src\infra\criptography\bcrypt-adapter.ts
FN:6,(anonymous_1)
FN:9,(anonymous_2)
FNF:2
FNH:2
FNDA:7,(anonymous_1)
FNDA:4,(anonymous_2)
DA:1,5
DA:4,5
DA:7,7
DA:10,4
DA:11,3
LF:5
LH:5
BRF:0
BRH:0
end_of_record
TN:
SF:src\infra\db\mongodb\account-repository\account.ts
FN:7,(anonymous_0)
FNF:1
FNH:1
FNDA:2,(anonymous_0)
DA:4,5
DA:6,5
DA:8,2
DA:9,2
DA:10,2
LF:5
LH:5
BRF:0
BRH:0
end_of_record
TN:
SF:src\infra\db\mongodb\helpers\mongo-helper.ts
FN:7,(anonymous_0)
FN:14,(anonymous_1)
FN:19,(anonymous_2)
FN:26,(anonymous_3)
FNF:4
FNH:4
FNDA:4,(anonymous_0)
FNDA:4,(anonymous_1)
FNDA:6,(anonymous_2)
FNDA:2,(anonymous_3)
DA:1,6
DA:3,6
DA:8,4
DA:9,4
DA:15,4
DA:16,4
DA:20,6
DA:21,1
DA:23,6
DA:27,2
DA:28,2
LF:11
LH:11
BRDA:20,0,0,1
BRDA:20,0,1,5
BRDA:20,1,0,1
BRDA:20,1,1,5
BRDA:20,2,0,6
BRDA:20,2,1,5
BRF:6
BRH:6
end_of_record
TN:
SF:src\presentation\controllers\signup\signup-protocols.ts
FNF:0
FNH:0
DA:1,0
DA:2,0
DA:3,0
DA:4,0
LF:4
LH:0
BRF:0
BRH:0
end_of_record
TN:
SF:src\presentation\controllers\signup\signup.ts
FN:8,(anonymous_0)
FN:13,(anonymous_1)
FNF:2
FNH:2
FNDA:15,(anonymous_0)
FNDA:12,(anonymous_1)
DA:2,5
DA:3,5
DA:5,5
DA:9,15
DA:10,15
DA:15,12
DA:16,12
DA:17,12
DA:18,42
DA:19,4
DA:22,8
DA:23,8
DA:24,1
DA:26,7
DA:27,6
DA:28,2
DA:30,4
DA:33,3
DA:35,2
LF:19
LH:19
BRDA:18,0,0,4
BRDA:18,0,1,38
BRDA:23,1,0,1
BRDA:23,1,1,7
BRDA:27,2,0,2
BRDA:27,2,1,4
BRF:6
BRH:6
end_of_record
TN:
SF:src\presentation\errors\index.ts
FNF:0
FNH:0
DA:1,5
DA:2,5
DA:3,5
LF:3
LH:3
BRF:0
BRH:0
end_of_record
TN:
SF:src\presentation\errors\invalid-params-errors.ts
FN:2,(anonymous_0)
FNF:1
FNH:1
FNDA:5,(anonymous_0)
DA:1,5
DA:3,5
DA:4,5
LF:3
LH:3
BRF:0
BRH:0
end_of_record
TN:
SF:src\presentation\errors\missing-params-errors.ts
FN:2,(anonymous_0)
FNF:1
FNH:1
FNDA:8,(anonymous_0)
DA:1,5
DA:3,8
DA:4,8
LF:3
LH:3
BRF:0
BRH:0
end_of_record
TN:
SF:src\presentation\errors\server-errors.ts
FN:2,(anonymous_0)
FNF:1
FNH:1
FNDA:4,(anonymous_0)
DA:1,5
DA:3,4
DA:4,4
LF:3
LH:3
BRF:0
BRH:0
end_of_record
TN:
SF:src\presentation\helpers\http-helper.ts
FN:4,(anonymous_0)
FN:9,(anonymous_1)
FN:14,(anonymous_2)
FNF:3
FNH:3
FNDA:7,(anonymous_0)
FNDA:2,(anonymous_1)
FNDA:3,(anonymous_2)
DA:1,5
DA:4,7
DA:9,5
DA:14,5
LF:4
LH:4
BRF:0
BRH:0
end_of_record
TN:
SF:src\presentation\protocols\index.ts
FNF:0
FNH:0
DA:1,0
DA:2,0
LF:2
LH:0
BRF:0
BRH:0
end_of_record
TN:
SF:src\utils\email-validator-adapter.ts
FN:4,(anonymous_1)
FNF:1
FNH:1
FNDA:4,(anonymous_1)
DA:2,5
DA:3,5
DA:5,4
LF:3
LH:3
BRF:0
BRH:0
end_of_record
